[INFO] [pyani.scripts.pyani_script]: Processed arguments: Namespace(version=False, citation=False, logfile=PosixPath('pyani_analysis/id_3/output.log'), verbose=True, debug=False, disable_tqdm=False, scheduler='multiprocessing', workers=None, sgegroupsize=10000, sgeargs=None, jobprefix='PYANI', name='id_3', classes=PosixPath('pyani_analysis/id_3/classes.txt'), labels=PosixPath('pyani_analysis/id_3/labels.txt'), recovery=False, indir=PosixPath('pyani_analysis/id_3'), outdir=PosixPath('pyani_analysis/id_3/output'), dbpath=PosixPath('.pyani/pyanidb'), nucmer_exe=PosixPath('nucmer'), filter_exe=PosixPath('delta-filter'), maxmatch=False, nofilter=False, func=<function subcmd_anim at 0x1166505e0>)
[INFO] [pyani.scripts.pyani_script]: command-line: /opt/anaconda3/envs/pyani_v3/bin/pyani anim -i=pyani_analysis/id_3 -o pyani_analysis/id_3/output -v -l pyani_analysis/id_3/output.log --name id_3 --labels pyani_analysis/id_3/labels.txt --classes pyani_analysis/id_3/classes.txt
[INFO] [pyani.scripts.pyani_script]: pyani version: 0.3.0-alpha
[INFO] [pyani.scripts.pyani_script]: CITATION INFO
[INFO] [pyani.scripts.pyani_script]: If you use pyani in your work, please cite the following publication:
[INFO] [pyani.scripts.pyani_script]: 	Pritchard, L., Glover, R. H., Humphris, S., Elphinstone, J. G.,
[INFO] [pyani.scripts.pyani_script]: 	& Toth, I.K. (2016) 'Genomics and taxonomy in diagnostics for
[INFO] [pyani.scripts.pyani_script]: 	food security: soft-rotting enterobacterial plant pathogens.'
[INFO] [pyani.scripts.pyani_script]: 	Analytical Methods, 8(1), 12–24. http://doi.org/10.1039/C5AY02550H
[INFO] [pyani.scripts.pyani_script]: DEPENDENCIES
[INFO] [pyani.scripts.pyani_script]: The authors of pyani gratefully acknowledge its dependence on
[INFO] [pyani.scripts.pyani_script]: the following bioinformatics software:
[INFO] [pyani.scripts.pyani_script]: 	MUMmer3: S. Kurtz, A. Phillippy, A.L. Delcher, M. Smoot, M. Shumway,
[INFO] [pyani.scripts.pyani_script]: 	C. Antonescu, and S.L. Salzberg (2004), 'Versatile and open software
[INFO] [pyani.scripts.pyani_script]: 	for comparing large genomes' Genome Biology 5:R12
[INFO] [pyani.scripts.pyani_script]: 	BLAST+: Camacho C., Coulouris G., Avagyan V., Ma N., Papadopoulos J.,
[INFO] [pyani.scripts.pyani_script]: 	Bealer K., & Madden T.L. (2008) 'BLAST+: architecture and applications.'
[INFO] [pyani.scripts.pyani_script]: 	BMC Bioinformatics 10:421.
[INFO] [pyani.scripts.pyani_script]: 	BLAST: Altschul, S.F., Madden, T.L., Schäffer, A.A., Zhang, J.,
[INFO] [pyani.scripts.pyani_script]: 	Zhang, Z., Miller, W. & Lipman, D.J. (1997) 'Gapped BLAST and PSI-BLAST:
[INFO] [pyani.scripts.pyani_script]: 	a new generation of protein database search programs.' Nucleic Acids Res.
[INFO] [pyani.scripts.pyani_script]: 	25:3389-3402
[INFO] [pyani.scripts.pyani_script]: 	Biopython: Cock PA, Antao T, Chang JT, Chapman BA, Cox CJ, Dalke A,
[INFO] [pyani.scripts.pyani_script]: 	Friedberg I, Hamelryck T, Kauff F, Wilczynski B and de Hoon MJL
[INFO] [pyani.scripts.pyani_script]: 	(2009) Biopython: freely available Python tools for computational
[INFO] [pyani.scripts.pyani_script]: 	molecular biology and bioinformatics. Bioinformatics, 25, 1422-1423
[INFO] [pyani.scripts.subcommands.subcmd_anim]: Running ANIm analysis
[INFO] [pyani.scripts.subcommands.subcmd_anim]: MUMMer nucmer version: Darwin_3.1 (/opt/anaconda3/envs/pyani_v3/bin/nucmer)
[INFO] [pyani.scripts.subcommands.subcmd_anim]: Analysis name: id_3
[INFO] [pyani.pyani_files]: Checking for hashfile: pyani_analysis/id_3/GCF_000299175.2_ASM29917v2_genomic.fna.md5.
[INFO] [pyani.pyani_files]: Checking for hashfile: pyani_analysis/id_3/GCF_000359525.1_ASM35952v1_genomic.fna.md5.
[INFO] [pyani.pyani_files]: Checking for hashfile: pyani_analysis/id_3/GCF_001431765.1_ASM143176v1_genomic.fna.md5.
[INFO] [pyani.pyani_files]: Checking for hashfile: pyani_analysis/id_3/GCF_001577385.1_ASM157738v1_genomic.fna.md5.
[INFO] [pyani.pyani_files]: Checking for hashfile: pyani_analysis/id_3/GCF_001704195.1_ASM170419v1_genomic.fna.md5.
[INFO] [pyani.pyani_files]: Checking for hashfile: pyani_analysis/id_3/GCF_002802945.1_ASM280294v1_genomic.fna.md5.
[INFO] [pyani.pyani_files]: Checking for hashfile: pyani_analysis/id_3/GCF_002910725.2_ASM291072v2_genomic.fna.md5.
[INFO] [pyani.pyani_files]: Checking for hashfile: pyani_analysis/id_3/GCF_002910795.1_ASM291079v1_genomic.fna.md5.
[INFO] [pyani.pyani_files]: Checking for hashfile: pyani_analysis/id_3/GCF_003687515.1_ASM368751v1_genomic.fna.md5.
[INFO] [pyani.pyani_files]: Checking for hashfile: pyani_analysis/id_3/GCF_004124335.1_ASM412433v1_genomic.fna.md5.
[INFO] [pyani.pyani_files]: Checking for hashfile: pyani_analysis/id_3/GCF_004195745.1_ASM419574v1_genomic.fna.md5.
[INFO] [pyani.pyani_files]: Checking for hashfile: pyani_analysis/id_3/GCF_004195755.1_ASM419575v1_genomic.fna.md5.
[INFO] [pyani.pyani_files]: Checking for hashfile: pyani_analysis/id_3/GCF_004195845.1_ASM419584v1_genomic.fna.md5.
[INFO] [pyani.pyani_files]: Checking for hashfile: pyani_analysis/id_3/GCF_004195855.1_ASM419585v1_genomic.fna.md5.
[INFO] [pyani.pyani_files]: Checking for hashfile: pyani_analysis/id_3/GCF_004195895.1_ASM419589v1_genomic.fna.md5.
[INFO] [pyani.pyani_files]: Checking for hashfile: pyani_analysis/id_3/GCF_004195935.1_ASM419593v1_genomic.fna.md5.
[INFO] [pyani.pyani_files]: Checking for hashfile: pyani_analysis/id_3/GCF_004195945.1_ASM419594v1_genomic.fna.md5.
[INFO] [pyani.pyani_files]: Checking for hashfile: pyani_analysis/id_3/GCF_004195955.1_ASM419595v1_genomic.fna.md5.
[INFO] [pyani.pyani_files]: Checking for hashfile: pyani_analysis/id_3/GCF_004195965.1_ASM419596v1_genomic.fna.md5.
[INFO] [pyani.pyani_files]: Checking for hashfile: pyani_analysis/id_3/GCF_004195995.1_ASM419599v1_genomic.fna.md5.
[INFO] [pyani.pyani_files]: Checking for hashfile: pyani_analysis/id_3/GCF_004196035.1_ASM419603v1_genomic.fna.md5.
[INFO] [pyani.pyani_files]: Checking for hashfile: pyani_analysis/id_3/GCF_004196145.1_ASM419614v1_genomic.fna.md5.
[INFO] [pyani.pyani_files]: Checking for hashfile: pyani_analysis/id_3/GCF_004196155.1_ASM419615v1_genomic.fna.md5.
[INFO] [pyani.pyani_files]: Checking for hashfile: pyani_analysis/id_3/GCF_009834105.1_ASM983410v1_genomic.fna.md5.
[INFO] [pyani.pyani_files]: Checking for hashfile: pyani_analysis/id_3/GCF_009846825.1_ASM984682v1_genomic.fna.md5.
[INFO] [pyani.pyani_files]: Checking for hashfile: pyani_analysis/id_3/GCF_009862345.1_ASM986234v1_genomic.fna.md5.
[INFO] [pyani.pyani_files]: Checking for hashfile: pyani_analysis/id_3/GCF_009863175.1_ASM986317v1_genomic.fna.md5.
[INFO] [pyani.pyani_files]: Checking for hashfile: pyani_analysis/id_3/GCF_009865275.1_ASM986527v1_genomic.fna.md5.
[INFO] [pyani.pyani_files]: Checking for hashfile: pyani_analysis/id_3/GCF_011170105.1_ASM1117010v1_genomic.fna.md5.
[INFO] [pyani.pyani_files]: Checking for hashfile: pyani_analysis/id_3/GCF_011170125.1_ASM1117012v1_genomic.fna.md5.
[INFO] [pyani.pyani_files]: Checking for hashfile: pyani_analysis/id_3/GCF_011170145.1_ASM1117014v1_genomic.fna.md5.
[INFO] [pyani.pyani_files]: Checking for hashfile: pyani_analysis/id_3/GCF_012184365.2_ASM1218436v2_genomic.fna.md5.
[INFO] [pyani.pyani_files]: Checking for hashfile: pyani_analysis/id_3/GCF_013363715.1_ASM1336371v1_genomic.fna.md5.
[INFO] [pyani.pyani_files]: Checking for hashfile: pyani_analysis/id_3/GCF_013371965.1_ASM1337196v1_genomic.fna.md5.
[INFO] [pyani.pyani_files]: Checking for hashfile: pyani_analysis/id_3/GCF_013376795.1_ASM1337679v1_genomic.fna.md5.
[INFO] [pyani.pyani_files]: Checking for hashfile: pyani_analysis/id_3/GCF_013693715.1_ASM1369371v1_genomic.fna.md5.
[INFO] [pyani.pyani_files]: Checking for hashfile: pyani_analysis/id_3/GCF_014216335.1_ASM1421633v1_genomic.fna.md5.
[INFO] [pyani.pyani_files]: Checking for hashfile: pyani_analysis/id_3/GCF_014281095.1_ASM1428109v1_genomic.fna.md5.
[INFO] [pyani.pyani_files]: Checking for hashfile: pyani_analysis/id_3/GCF_014648935.1_ASM1464893v1_genomic.fna.md5.
[INFO] [pyani.pyani_files]: Checking for hashfile: pyani_analysis/id_3/GCF_015680775.2_ASM1568077v2_genomic.fna.md5.
[INFO] [pyani.pyani_files]: Checking for hashfile: pyani_analysis/id_3/GCF_019067045.1_ASM1906704v1_genomic.fna.md5.
[INFO] [pyani.pyani_files]: Checking for hashfile: pyani_analysis/id_3/GCF_900091785.1_IMG-taxon_2657245717_annotated_assembly_genomic.fna.md5.
[INFO] [pyani.pyani_files]: Checking for hashfile: pyani_analysis/id_3/GCF_900091885.1_IMG-taxon_2657245704_annotated_assembly_genomic.fna.md5.
[INFO] [pyani.pyani_files]: Checking for hashfile: pyani_analysis/id_3/GCF_900171555.1_Salb_genomic.fna.md5.
[INFO] [pyani.pyani_files]: Checking for hashfile: pyani_analysis/id_3/GCF_900460115.1_53878_B01_genomic.fna.md5.
[INFO] [pyani.scripts.subcommands.subcmd_anim]: Generating ANIm command-lines
[INFO] [pyani.scripts.subcommands.subcmd_anim]: Compiling genomes for comparison
[INFO] [pyani.scripts.subcommands.subcmd_anim]: Compiling pairwise comparisons (this can take time for large datasets)...
[INFO] [pyani.scripts.subcommands.subcmd_anim]: 	...total pairwise comparisons to be performed: 990
[INFO] [pyani.scripts.subcommands.subcmd_anim]: Checking database for existing comparison data...
[INFO] [pyani.scripts.subcommands.subcmd_anim]: 	...after check, still need to run 990 comparisons
[INFO] [pyani.scripts.subcommands.subcmd_anim]: Creating NUCmer jobs for ANIm
[INFO] [pyani.scripts.subcommands.subcmd_anim]: Results not found for 990 comparisons; 990 new jobs built.
[INFO] [pyani.scripts.subcommands.subcmd_anim]: Running jobs with multiprocessing
[INFO] [pyani.scripts.subcommands.subcmd_anim]: Multiprocessing run completed without error
[INFO] [pyani.scripts.subcommands.subcmd_anim]: ...jobs complete
[INFO] [pyani.scripts.subcommands.subcmd_anim]: Adding comparison results to database...
[INFO] [pyani.scripts.subcommands.subcmd_anim]: ...database updated.
[INFO] [pyani.scripts.pyani_script]: Completed. Time taken: 3218.660
