[INFO] [pyani.scripts.pyani_script]: Processed arguments: Namespace(version=False, citation=False, logfile=PosixPath('pyani_analysis/id_25/output.log'), verbose=True, debug=False, disable_tqdm=False, scheduler='multiprocessing', workers=None, sgegroupsize=10000, sgeargs=None, jobprefix='PYANI', name='id_25', classes=PosixPath('pyani_analysis/id_25/classes.txt'), labels=PosixPath('pyani_analysis/id_25/labels.txt'), recovery=False, indir=PosixPath('pyani_analysis/id_25'), outdir=PosixPath('pyani_analysis/id_25/output'), dbpath=PosixPath('.pyani/pyanidb'), nucmer_exe=PosixPath('nucmer'), filter_exe=PosixPath('delta-filter'), maxmatch=False, nofilter=False, func=<function subcmd_anim at 0x1138005e0>)
[INFO] [pyani.scripts.pyani_script]: command-line: /opt/anaconda3/envs/pyani_v3/bin/pyani anim -i=pyani_analysis/id_25 -o pyani_analysis/id_25/output -v -l pyani_analysis/id_25/output.log --name id_25 --labels pyani_analysis/id_25/labels.txt --classes pyani_analysis/id_25/classes.txt
[INFO] [pyani.scripts.pyani_script]: pyani version: 0.3.0-alpha
[INFO] [pyani.scripts.pyani_script]: CITATION INFO
[INFO] [pyani.scripts.pyani_script]: If you use pyani in your work, please cite the following publication:
[INFO] [pyani.scripts.pyani_script]: 	Pritchard, L., Glover, R. H., Humphris, S., Elphinstone, J. G.,
[INFO] [pyani.scripts.pyani_script]: 	& Toth, I.K. (2016) 'Genomics and taxonomy in diagnostics for
[INFO] [pyani.scripts.pyani_script]: 	food security: soft-rotting enterobacterial plant pathogens.'
[INFO] [pyani.scripts.pyani_script]: 	Analytical Methods, 8(1), 12–24. http://doi.org/10.1039/C5AY02550H
[INFO] [pyani.scripts.pyani_script]: DEPENDENCIES
[INFO] [pyani.scripts.pyani_script]: The authors of pyani gratefully acknowledge its dependence on
[INFO] [pyani.scripts.pyani_script]: the following bioinformatics software:
[INFO] [pyani.scripts.pyani_script]: 	MUMmer3: S. Kurtz, A. Phillippy, A.L. Delcher, M. Smoot, M. Shumway,
[INFO] [pyani.scripts.pyani_script]: 	C. Antonescu, and S.L. Salzberg (2004), 'Versatile and open software
[INFO] [pyani.scripts.pyani_script]: 	for comparing large genomes' Genome Biology 5:R12
[INFO] [pyani.scripts.pyani_script]: 	BLAST+: Camacho C., Coulouris G., Avagyan V., Ma N., Papadopoulos J.,
[INFO] [pyani.scripts.pyani_script]: 	Bealer K., & Madden T.L. (2008) 'BLAST+: architecture and applications.'
[INFO] [pyani.scripts.pyani_script]: 	BMC Bioinformatics 10:421.
[INFO] [pyani.scripts.pyani_script]: 	BLAST: Altschul, S.F., Madden, T.L., Schäffer, A.A., Zhang, J.,
[INFO] [pyani.scripts.pyani_script]: 	Zhang, Z., Miller, W. & Lipman, D.J. (1997) 'Gapped BLAST and PSI-BLAST:
[INFO] [pyani.scripts.pyani_script]: 	a new generation of protein database search programs.' Nucleic Acids Res.
[INFO] [pyani.scripts.pyani_script]: 	25:3389-3402
[INFO] [pyani.scripts.pyani_script]: 	Biopython: Cock PA, Antao T, Chang JT, Chapman BA, Cox CJ, Dalke A,
[INFO] [pyani.scripts.pyani_script]: 	Friedberg I, Hamelryck T, Kauff F, Wilczynski B and de Hoon MJL
[INFO] [pyani.scripts.pyani_script]: 	(2009) Biopython: freely available Python tools for computational
[INFO] [pyani.scripts.pyani_script]: 	molecular biology and bioinformatics. Bioinformatics, 25, 1422-1423
[INFO] [pyani.scripts.subcommands.subcmd_anim]: Running ANIm analysis
[INFO] [pyani.scripts.subcommands.subcmd_anim]: MUMMer nucmer version: Darwin_3.1 (/opt/anaconda3/envs/pyani_v3/bin/nucmer)
[INFO] [pyani.scripts.subcommands.subcmd_anim]: Analysis name: id_25
[INFO] [pyani.pyani_files]: Checking for hashfile: pyani_analysis/id_25/GCF_000239075.1_ASM23907v2_genomic.fna.md5.
[INFO] [pyani.pyani_files]: Checking for hashfile: pyani_analysis/id_25/GCF_000364805.1_ASM36480v1_genomic.fna.md5.
[INFO] [pyani.pyani_files]: Checking for hashfile: pyani_analysis/id_25/GCF_000373405.1_ASM37340v1_genomic.fna.md5.
[INFO] [pyani.pyani_files]: Checking for hashfile: pyani_analysis/id_25/GCF_000385945.1_ASM38594v1_genomic.fna.md5.
[INFO] [pyani.pyani_files]: Checking for hashfile: pyani_analysis/id_25/GCF_000720395.1_ASM72039v1_genomic.fna.md5.
[INFO] [pyani.pyani_files]: Checking for hashfile: pyani_analysis/id_25/GCF_000721595.1_ASM72159v1_genomic.fna.md5.
[INFO] [pyani.pyani_files]: Checking for hashfile: pyani_analysis/id_25/GCF_000935135.2_ASM93513v2_genomic.fna.md5.
[INFO] [pyani.pyani_files]: Checking for hashfile: pyani_analysis/id_25/GCF_001189025.1_ASM118902v1_genomic.fna.md5.
[INFO] [pyani.pyani_files]: Checking for hashfile: pyani_analysis/id_25/GCF_001418625.1_ASM141862v1_genomic.fna.md5.
[INFO] [pyani.pyani_files]: Checking for hashfile: pyani_analysis/id_25/GCF_001426325.1_Root1295_genomic.fna.md5.
[INFO] [pyani.pyani_files]: Checking for hashfile: pyani_analysis/id_25/GCF_001427565.1_Root63_genomic.fna.md5.
[INFO] [pyani.pyani_files]: Checking for hashfile: pyani_analysis/id_25/GCF_001434355.1_ASM143435v1_genomic.fna.md5.
[INFO] [pyani.pyani_files]: Checking for hashfile: pyani_analysis/id_25/GCF_001905485.1_ASM190548v1_genomic.fna.md5.
[INFO] [pyani.pyani_files]: Checking for hashfile: pyani_analysis/id_25/GCF_001905575.1_ASM190557v1_genomic.fna.md5.
[INFO] [pyani.pyani_files]: Checking for hashfile: pyani_analysis/id_25/GCF_001905595.1_ASM190559v1_genomic.fna.md5.
[INFO] [pyani.pyani_files]: Checking for hashfile: pyani_analysis/id_25/GCF_001905645.1_ASM190564v1_genomic.fna.md5.
[INFO] [pyani.pyani_files]: Checking for hashfile: pyani_analysis/id_25/GCF_001983595.1_ASM198359v1_genomic.fna.md5.
[INFO] [pyani.pyani_files]: Checking for hashfile: pyani_analysis/id_25/GCF_002158965.1_ASM215896v1_genomic.fna.md5.
[INFO] [pyani.pyani_files]: Checking for hashfile: pyani_analysis/id_25/GCF_002188345.1_ASM218834v1_genomic.fna.md5.
[INFO] [pyani.pyani_files]: Checking for hashfile: pyani_analysis/id_25/GCF_002242735.1_ASM224273v1_genomic.fna.md5.
[INFO] [pyani.pyani_files]: Checking for hashfile: pyani_analysis/id_25/GCF_002910875.1_ASM291087v1_genomic.fna.md5.
[INFO] [pyani.pyani_files]: Checking for hashfile: pyani_analysis/id_25/GCF_003116675.1_ASM311667v1_genomic.fna.md5.
[INFO] [pyani.pyani_files]: Checking for hashfile: pyani_analysis/id_25/GCF_003268965.1_ASM326896v1_genomic.fna.md5.
[INFO] [pyani.pyani_files]: Checking for hashfile: pyani_analysis/id_25/GCF_003367645.1_ASM336764v1_genomic.fna.md5.
[INFO] [pyani.pyani_files]: Checking for hashfile: pyani_analysis/id_25/GCF_003610995.1_ASM361099v1_genomic.fna.md5.
[INFO] [pyani.pyani_files]: Checking for hashfile: pyani_analysis/id_25/GCF_004524875.1_ASM452487v1_genomic.fna.md5.
[INFO] [pyani.pyani_files]: Checking for hashfile: pyani_analysis/id_25/GCF_005234185.1_ASM523418v1_genomic.fna.md5.
[INFO] [pyani.pyani_files]: Checking for hashfile: pyani_analysis/id_25/GCF_008932075.1_ASM893207v1_genomic.fna.md5.
[INFO] [pyani.pyani_files]: Checking for hashfile: pyani_analysis/id_25/GCF_009862355.1_ASM986235v1_genomic.fna.md5.
[INFO] [pyani.pyani_files]: Checking for hashfile: pyani_analysis/id_25/GCF_009862365.1_ASM986236v1_genomic.fna.md5.
[INFO] [pyani.pyani_files]: Checking for hashfile: pyani_analysis/id_25/GCF_009865135.1_ASM986513v1_genomic.fna.md5.
[INFO] [pyani.pyani_files]: Checking for hashfile: pyani_analysis/id_25/GCF_009865505.1_ASM986550v1_genomic.fna.md5.
[INFO] [pyani.pyani_files]: Checking for hashfile: pyani_analysis/id_25/GCF_009872615.1_ASM987261v1_genomic.fna.md5.
[INFO] [pyani.pyani_files]: Checking for hashfile: pyani_analysis/id_25/GCF_013167895.1_ASM1316789v1_genomic.fna.md5.
[INFO] [pyani.pyani_files]: Checking for hashfile: pyani_analysis/id_25/GCF_013364315.1_ASM1336431v1_genomic.fna.md5.
[INFO] [pyani.pyani_files]: Checking for hashfile: pyani_analysis/id_25/GCF_013409565.1_ASM1340956v1_genomic.fna.md5.
[INFO] [pyani.pyani_files]: Checking for hashfile: pyani_analysis/id_25/GCF_014495705.1_ASM1449570v1_genomic.fna.md5.
[INFO] [pyani.pyani_files]: Checking for hashfile: pyani_analysis/id_25/GCF_016653995.1_ASM1665399v1_genomic.fna.md5.
[INFO] [pyani.pyani_files]: Checking for hashfile: pyani_analysis/id_25/GCF_017358145.1_ASM1735814v1_genomic.fna.md5.
[INFO] [pyani.pyani_files]: Checking for hashfile: pyani_analysis/id_25/GCF_018070745.1_ASM1807074v1_genomic.fna.md5.
[INFO] [pyani.pyani_files]: Checking for hashfile: pyani_analysis/id_25/GCF_018530825.1_ASM1853082v1_genomic.fna.md5.
[INFO] [pyani.pyani_files]: Checking for hashfile: pyani_analysis/id_25/GCF_018614445.1_ASM1861444v1_genomic.fna.md5.
[INFO] [pyani.pyani_files]: Checking for hashfile: pyani_analysis/id_25/GCF_018614515.1_ASM1861451v1_genomic.fna.md5.
[INFO] [pyani.pyani_files]: Checking for hashfile: pyani_analysis/id_25/GCF_019049185.1_ASM1904918v1_genomic.fna.md5.
[INFO] [pyani.pyani_files]: Checking for hashfile: pyani_analysis/id_25/GCF_900207595.1_IMG-taxon_2671180027_annotated_assembly_genomic.fna.md5.
[INFO] [pyani.pyani_files]: Checking for hashfile: pyani_analysis/id_25/GCF_904440635.1_Streptomyces_sp._St70_complete_genome_genomic.fna.md5.
[INFO] [pyani.pyani_files]: Checking for hashfile: pyani_analysis/id_25/GCF_904440645.1_Streptomyces_sp._St75_complete_genome_genomic.fna.md5.
[INFO] [pyani.scripts.subcommands.subcmd_anim]: Generating ANIm command-lines
[INFO] [pyani.scripts.subcommands.subcmd_anim]: Compiling genomes for comparison
[INFO] [pyani.scripts.subcommands.subcmd_anim]: Compiling pairwise comparisons (this can take time for large datasets)...
[INFO] [pyani.scripts.subcommands.subcmd_anim]: 	...total pairwise comparisons to be performed: 1081
[INFO] [pyani.scripts.subcommands.subcmd_anim]: Checking database for existing comparison data...
[INFO] [pyani.scripts.subcommands.subcmd_anim]: 	...after check, still need to run 1081 comparisons
[INFO] [pyani.scripts.subcommands.subcmd_anim]: Creating NUCmer jobs for ANIm
[INFO] [pyani.scripts.subcommands.subcmd_anim]: Results not found for 1081 comparisons; 1081 new jobs built.
[INFO] [pyani.scripts.subcommands.subcmd_anim]: Running jobs with multiprocessing
[INFO] [pyani.scripts.subcommands.subcmd_anim]: Multiprocessing run completed without error
[INFO] [pyani.scripts.subcommands.subcmd_anim]: ...jobs complete
[INFO] [pyani.scripts.subcommands.subcmd_anim]: Adding comparison results to database...
[INFO] [pyani.scripts.subcommands.subcmd_anim]: ...database updated.
[INFO] [pyani.scripts.pyani_script]: Completed. Time taken: 5744.121
