[INFO] [pyani.scripts.pyani_script]: Processed arguments: Namespace(version=False, citation=False, logfile=PosixPath('genome_clusters/5c4eba2229a4848265721c594daac537/output.log'), verbose=True, debug=False, disable_tqdm=False, scheduler='multiprocessing', workers=None, sgegroupsize=10000, sgeargs=None, jobprefix='PYANI', name='5c4eba2229a4848265721c594daac537', classes=PosixPath('genome_clusters/5c4eba2229a4848265721c594daac537/classes.txt'), labels=PosixPath('genome_clusters/5c4eba2229a4848265721c594daac537/labels.txt'), recovery=False, indir=PosixPath('genome_clusters/5c4eba2229a4848265721c594daac537'), outdir=PosixPath('genome_clusters/5c4eba2229a4848265721c594daac537/output'), dbpath=PosixPath('.pyani/pyanidb'), nucmer_exe=PosixPath('nucmer'), filter_exe=PosixPath('delta-filter'), maxmatch=False, nofilter=False, func=<function subcmd_anim at 0x118c46670>)
[INFO] [pyani.scripts.pyani_script]: command-line: /opt/anaconda3/envs/pyani_v3/bin/pyani anim -i=genome_clusters/5c4eba2229a4848265721c594daac537 -o genome_clusters/5c4eba2229a4848265721c594daac537/output -v -l genome_clusters/5c4eba2229a4848265721c594daac537/output.log --name 5c4eba2229a4848265721c594daac537 --labels genome_clusters/5c4eba2229a4848265721c594daac537/labels.txt --classes genome_clusters/5c4eba2229a4848265721c594daac537/classes.txt
[INFO] [pyani.scripts.pyani_script]: pyani version: 0.3.0-alpha
[INFO] [pyani.scripts.pyani_script]: CITATION INFO
[INFO] [pyani.scripts.pyani_script]: If you use pyani in your work, please cite the following publication:
[INFO] [pyani.scripts.pyani_script]: 	Pritchard, L., Glover, R. H., Humphris, S., Elphinstone, J. G.,
[INFO] [pyani.scripts.pyani_script]: 	& Toth, I.K. (2016) 'Genomics and taxonomy in diagnostics for
[INFO] [pyani.scripts.pyani_script]: 	food security: soft-rotting enterobacterial plant pathogens.'
[INFO] [pyani.scripts.pyani_script]: 	Analytical Methods, 8(1), 12–24. http://doi.org/10.1039/C5AY02550H
[INFO] [pyani.scripts.pyani_script]: DEPENDENCIES
[INFO] [pyani.scripts.pyani_script]: The authors of pyani gratefully acknowledge its dependence on
[INFO] [pyani.scripts.pyani_script]: the following bioinformatics software:
[INFO] [pyani.scripts.pyani_script]: 	MUMmer3: S. Kurtz, A. Phillippy, A.L. Delcher, M. Smoot, M. Shumway,
[INFO] [pyani.scripts.pyani_script]: 	C. Antonescu, and S.L. Salzberg (2004), 'Versatile and open software
[INFO] [pyani.scripts.pyani_script]: 	for comparing large genomes' Genome Biology 5:R12
[INFO] [pyani.scripts.pyani_script]: 	BLAST+: Camacho C., Coulouris G., Avagyan V., Ma N., Papadopoulos J.,
[INFO] [pyani.scripts.pyani_script]: 	Bealer K., & Madden T.L. (2008) 'BLAST+: architecture and applications.'
[INFO] [pyani.scripts.pyani_script]: 	BMC Bioinformatics 10:421.
[INFO] [pyani.scripts.pyani_script]: 	BLAST: Altschul, S.F., Madden, T.L., Schäffer, A.A., Zhang, J.,
[INFO] [pyani.scripts.pyani_script]: 	Zhang, Z., Miller, W. & Lipman, D.J. (1997) 'Gapped BLAST and PSI-BLAST:
[INFO] [pyani.scripts.pyani_script]: 	a new generation of protein database search programs.' Nucleic Acids Res.
[INFO] [pyani.scripts.pyani_script]: 	25:3389-3402
[INFO] [pyani.scripts.pyani_script]: 	Biopython: Cock PA, Antao T, Chang JT, Chapman BA, Cox CJ, Dalke A,
[INFO] [pyani.scripts.pyani_script]: 	Friedberg I, Hamelryck T, Kauff F, Wilczynski B and de Hoon MJL
[INFO] [pyani.scripts.pyani_script]: 	(2009) Biopython: freely available Python tools for computational
[INFO] [pyani.scripts.pyani_script]: 	molecular biology and bioinformatics. Bioinformatics, 25, 1422-1423
[INFO] [pyani.scripts.subcommands.subcmd_anim]: Running ANIm analysis
[INFO] [pyani.scripts.subcommands.subcmd_anim]: MUMMer nucmer version: Darwin_3.1 (/opt/anaconda3/envs/pyani_v3/bin/nucmer)
[INFO] [pyani.scripts.subcommands.subcmd_anim]: Analysis name: 5c4eba2229a4848265721c594daac537
[INFO] [pyani.pyani_files]: Checking for hashfile: genome_clusters/5c4eba2229a4848265721c594daac537/GCF_001751305.1_ASM175130v1_genomic.fna.md5.
[INFO] [pyani.pyani_files]: Checking for hashfile: genome_clusters/5c4eba2229a4848265721c594daac537/GCF_003352445.1_ASM335244v1_genomic.fna.md5.
[INFO] [pyani.pyani_files]: Checking for hashfile: genome_clusters/5c4eba2229a4848265721c594daac537/GCF_003949895.1_ASM394989v1_genomic.fna.md5.
[INFO] [pyani.pyani_files]: Checking for hashfile: genome_clusters/5c4eba2229a4848265721c594daac537/GCF_004000405.1_ASM400040v1_genomic.fna.md5.
[INFO] [pyani.pyani_files]: Checking for hashfile: genome_clusters/5c4eba2229a4848265721c594daac537/GCF_004334925.1_ASM433492v1_genomic.fna.md5.
[INFO] [pyani.pyani_files]: Checking for hashfile: genome_clusters/5c4eba2229a4848265721c594daac537/GCF_006788935.1_ASM678893v1_genomic.fna.md5.
[INFO] [pyani.pyani_files]: Checking for hashfile: genome_clusters/5c4eba2229a4848265721c594daac537/GCF_013363475.1_ASM1336347v1_genomic.fna.md5.
[INFO] [pyani.pyani_files]: Checking for hashfile: genome_clusters/5c4eba2229a4848265721c594daac537/GCF_013363675.1_ASM1336367v1_genomic.fna.md5.
[INFO] [pyani.pyani_files]: Checking for hashfile: genome_clusters/5c4eba2229a4848265721c594daac537/GCF_014649215.1_ASM1464921v1_genomic.fna.md5.
[INFO] [pyani.pyani_files]: Checking for hashfile: genome_clusters/5c4eba2229a4848265721c594daac537/GCF_018619495.1_ASM1861949v1_genomic.fna.md5.
[INFO] [pyani.pyani_files]: Checking for hashfile: genome_clusters/5c4eba2229a4848265721c594daac537/GCF_018619515.1_ASM1861951v1_genomic.fna.md5.
[INFO] [pyani.pyani_files]: Checking for hashfile: genome_clusters/5c4eba2229a4848265721c594daac537/GCF_018619535.1_ASM1861953v1_genomic.fna.md5.
[INFO] [pyani.pyani_files]: Checking for hashfile: genome_clusters/5c4eba2229a4848265721c594daac537/GCF_018619555.1_ASM1861955v1_genomic.fna.md5.
[INFO] [pyani.pyani_files]: Checking for hashfile: genome_clusters/5c4eba2229a4848265721c594daac537/GCF_018619575.1_ASM1861957v1_genomic.fna.md5.
[INFO] [pyani.scripts.subcommands.subcmd_anim]: Generating ANIm command-lines
[INFO] [pyani.scripts.subcommands.subcmd_anim]: Compiling genomes for comparison
[INFO] [pyani.scripts.subcommands.subcmd_anim]: Compiling pairwise comparisons (this can take time for large datasets)...
[INFO] [pyani.scripts.subcommands.subcmd_anim]: 	...total pairwise comparisons to be performed: 91
[INFO] [pyani.scripts.subcommands.subcmd_anim]: Checking database for existing comparison data...
[INFO] [pyani.scripts.subcommands.subcmd_anim]: 	...after check, still need to run 76 comparisons
[INFO] [pyani.scripts.subcommands.subcmd_anim]: Creating NUCmer jobs for ANIm
[INFO] [pyani.scripts.subcommands.subcmd_anim]: Results not found for 76 comparisons; 76 new jobs built.
[INFO] [pyani.scripts.subcommands.subcmd_anim]: Running jobs with multiprocessing
[INFO] [pyani.scripts.subcommands.subcmd_anim]: Multiprocessing run completed without error
[INFO] [pyani.scripts.subcommands.subcmd_anim]: ...jobs complete
[INFO] [pyani.scripts.subcommands.subcmd_anim]: Adding comparison results to database...
[INFO] [pyani.scripts.subcommands.subcmd_anim]: ...database updated.
[INFO] [pyani.scripts.pyani_script]: Completed. Time taken: 460.158
