[INFO] [pyani.scripts.pyani_script]: Processed arguments: Namespace(version=False, citation=False, logfile=PosixPath('pyani_analysis/id_137/output.log'), verbose=True, debug=False, disable_tqdm=False, scheduler='multiprocessing', workers=None, sgegroupsize=10000, sgeargs=None, jobprefix='PYANI', name='id_137', classes=PosixPath('pyani_analysis/id_137/classes.txt'), labels=PosixPath('pyani_analysis/id_137/labels.txt'), recovery=False, indir=PosixPath('pyani_analysis/id_137'), outdir=PosixPath('pyani_analysis/id_137/output'), dbpath=PosixPath('.pyani/pyanidb'), nucmer_exe=PosixPath('nucmer'), filter_exe=PosixPath('delta-filter'), maxmatch=False, nofilter=False, func=<function subcmd_anim at 0x11529e5e0>)
[INFO] [pyani.scripts.pyani_script]: command-line: /opt/anaconda3/envs/pyani_v3/bin/pyani anim -i=pyani_analysis/id_137 -o pyani_analysis/id_137/output -v -l pyani_analysis/id_137/output.log --name id_137 --labels pyani_analysis/id_137/labels.txt --classes pyani_analysis/id_137/classes.txt
[INFO] [pyani.scripts.pyani_script]: pyani version: 0.3.0-alpha
[INFO] [pyani.scripts.pyani_script]: CITATION INFO
[INFO] [pyani.scripts.pyani_script]: If you use pyani in your work, please cite the following publication:
[INFO] [pyani.scripts.pyani_script]: 	Pritchard, L., Glover, R. H., Humphris, S., Elphinstone, J. G.,
[INFO] [pyani.scripts.pyani_script]: 	& Toth, I.K. (2016) 'Genomics and taxonomy in diagnostics for
[INFO] [pyani.scripts.pyani_script]: 	food security: soft-rotting enterobacterial plant pathogens.'
[INFO] [pyani.scripts.pyani_script]: 	Analytical Methods, 8(1), 12–24. http://doi.org/10.1039/C5AY02550H
[INFO] [pyani.scripts.pyani_script]: DEPENDENCIES
[INFO] [pyani.scripts.pyani_script]: The authors of pyani gratefully acknowledge its dependence on
[INFO] [pyani.scripts.pyani_script]: the following bioinformatics software:
[INFO] [pyani.scripts.pyani_script]: 	MUMmer3: S. Kurtz, A. Phillippy, A.L. Delcher, M. Smoot, M. Shumway,
[INFO] [pyani.scripts.pyani_script]: 	C. Antonescu, and S.L. Salzberg (2004), 'Versatile and open software
[INFO] [pyani.scripts.pyani_script]: 	for comparing large genomes' Genome Biology 5:R12
[INFO] [pyani.scripts.pyani_script]: 	BLAST+: Camacho C., Coulouris G., Avagyan V., Ma N., Papadopoulos J.,
[INFO] [pyani.scripts.pyani_script]: 	Bealer K., & Madden T.L. (2008) 'BLAST+: architecture and applications.'
[INFO] [pyani.scripts.pyani_script]: 	BMC Bioinformatics 10:421.
[INFO] [pyani.scripts.pyani_script]: 	BLAST: Altschul, S.F., Madden, T.L., Schäffer, A.A., Zhang, J.,
[INFO] [pyani.scripts.pyani_script]: 	Zhang, Z., Miller, W. & Lipman, D.J. (1997) 'Gapped BLAST and PSI-BLAST:
[INFO] [pyani.scripts.pyani_script]: 	a new generation of protein database search programs.' Nucleic Acids Res.
[INFO] [pyani.scripts.pyani_script]: 	25:3389-3402
[INFO] [pyani.scripts.pyani_script]: 	Biopython: Cock PA, Antao T, Chang JT, Chapman BA, Cox CJ, Dalke A,
[INFO] [pyani.scripts.pyani_script]: 	Friedberg I, Hamelryck T, Kauff F, Wilczynski B and de Hoon MJL
[INFO] [pyani.scripts.pyani_script]: 	(2009) Biopython: freely available Python tools for computational
[INFO] [pyani.scripts.pyani_script]: 	molecular biology and bioinformatics. Bioinformatics, 25, 1422-1423
[INFO] [pyani.scripts.subcommands.subcmd_anim]: Running ANIm analysis
[INFO] [pyani.scripts.subcommands.subcmd_anim]: MUMMer nucmer version: Darwin_3.1 (/opt/anaconda3/envs/pyani_v3/bin/nucmer)
[INFO] [pyani.scripts.subcommands.subcmd_anim]: Analysis name: id_137
[INFO] [pyani.pyani_files]: Checking for hashfile: pyani_analysis/id_137/GCF_000403665.1_Streptomyces_lividans_1326_genomic.fna.md5.
[INFO] [pyani.pyani_files]: Checking for hashfile: pyani_analysis/id_137/GCF_000717845.1_ASM71784v1_genomic.fna.md5.
[INFO] [pyani.pyani_files]: Checking for hashfile: pyani_analysis/id_137/GCF_000739105.1_ASM73910v1_genomic.fna.md5.
[INFO] [pyani.pyani_files]: Checking for hashfile: pyani_analysis/id_137/GCF_000972395.1_ASM97239v1_genomic.fna.md5.
[INFO] [pyani.pyani_files]: Checking for hashfile: pyani_analysis/id_137/GCF_003013745.1_ASM301374v1_genomic.fna.md5.
[INFO] [pyani.pyani_files]: Checking for hashfile: pyani_analysis/id_137/GCF_003387455.1_ASM338745v1_genomic.fna.md5.
[INFO] [pyani.pyani_files]: Checking for hashfile: pyani_analysis/id_137/GCF_003671755.1_ASM367175v1_genomic.fna.md5.
[INFO] [pyani.pyani_files]: Checking for hashfile: pyani_analysis/id_137/GCF_004795155.1_ASM479515v1_genomic.fna.md5.
[INFO] [pyani.pyani_files]: Checking for hashfile: pyani_analysis/id_137/GCF_008124975.1_ASM812497v1_genomic.fna.md5.
[INFO] [pyani.pyani_files]: Checking for hashfile: pyani_analysis/id_137/GCF_008125035.1_ASM812503v1_genomic.fna.md5.
[INFO] [pyani.pyani_files]: Checking for hashfile: pyani_analysis/id_137/GCF_008931305.1_ASM893130v1_genomic.fna.md5.
[INFO] [pyani.pyani_files]: Checking for hashfile: pyani_analysis/id_137/GCF_009862445.1_ASM986244v1_genomic.fna.md5.
[INFO] [pyani.pyani_files]: Checking for hashfile: pyani_analysis/id_137/GCF_013317105.1_ASM1331710v1_genomic.fna.md5.
[INFO] [pyani.pyani_files]: Checking for hashfile: pyani_analysis/id_137/GCF_018070145.1_ASM1807014v1_genomic.fna.md5.
[INFO] [pyani.pyani_files]: Checking for hashfile: pyani_analysis/id_137/GCF_900104935.1_IMG-taxon_2690315611_annotated_assembly_genomic.fna.md5.
[INFO] [pyani.scripts.subcommands.subcmd_anim]: Generating ANIm command-lines
[INFO] [pyani.scripts.subcommands.subcmd_anim]: Compiling genomes for comparison
[INFO] [pyani.scripts.subcommands.subcmd_anim]: Compiling pairwise comparisons (this can take time for large datasets)...
[INFO] [pyani.scripts.subcommands.subcmd_anim]: 	...total pairwise comparisons to be performed: 105
[INFO] [pyani.scripts.subcommands.subcmd_anim]: Checking database for existing comparison data...
[INFO] [pyani.scripts.subcommands.subcmd_anim]: 	...after check, still need to run 105 comparisons
[INFO] [pyani.scripts.subcommands.subcmd_anim]: Creating NUCmer jobs for ANIm
[INFO] [pyani.scripts.subcommands.subcmd_anim]: Results not found for 105 comparisons; 105 new jobs built.
[INFO] [pyani.scripts.subcommands.subcmd_anim]: Running jobs with multiprocessing
[INFO] [pyani.scripts.subcommands.subcmd_anim]: Multiprocessing run completed without error
[INFO] [pyani.scripts.subcommands.subcmd_anim]: ...jobs complete
[INFO] [pyani.scripts.subcommands.subcmd_anim]: Adding comparison results to database...
[INFO] [pyani.scripts.subcommands.subcmd_anim]: ...database updated.
[INFO] [pyani.scripts.pyani_script]: Completed. Time taken: 404.143
