
RAxML-NG v. 1.1 released on 29.11.2021 by The Exelixis Lab.
Developed by: Alexey M. Kozlov and Alexandros Stamatakis.
Contributors: Diego Darriba, Tomas Flouri, Benoit Morel, Sarah Lutteropp, Ben Bettisworth.
Latest version: https://github.com/amkozlov/raxml-ng
Questions/problems/suggestions? Please visit: https://groups.google.com/forum/#!forum/raxml

System: Intel(R) Core(TM) i5-1038NG7 CPU @ 2.00GHz, 4 cores, 32 GB RAM

RAxML-NG was called at 09-Feb-2023 15:38:22 as follows:

raxml-ng --support --tree strep/02_infer.raxml.bestTree --bs-trees strep/03_bootstrap.raxml.bootstraps --prefix strep/04_TBE --threads 2 --bs-metric tbe

Analysis options:
  run mode: Compute bipartition support (Transfer Bootstrap)
  start tree(s): user
  random seed: 1675957102
  SIMD kernels: AVX2
  parallelization: coarse-grained (auto), PTHREADS (2 threads), thread pinning: OFF

Reading reference tree from file: strep/02_infer.raxml.bestTree
Reference tree size: 9049

Reading bootstrap trees from file: strep/03_bootstrap.raxml.bootstraps
Loaded 100 trees with 9049 taxa.

Best ML tree with Transfer bootstrap (TBE) support values saved to: /Users/angelikakiepas/Desktop/Kiepas_et_al_2023_16S/supplementary_file_10/strep/04_TBE.raxml.support

Execution log saved to: /Users/angelikakiepas/Desktop/Kiepas_et_al_2023_16S/supplementary_file_10/strep/04_TBE.raxml.log

Analysis started: 09-Feb-2023 15:38:22 / finished: 09-Feb-2023 15:38:45

Elapsed time: 22.879 seconds

