[INFO] [pyani.scripts.pyani_script]: Processed arguments: Namespace(version=False, citation=False, logfile=PosixPath('genome_clusters/d3127244e1365b0bb2f0c724af82d417/output.log'), verbose=True, debug=False, disable_tqdm=False, scheduler='multiprocessing', workers=None, sgegroupsize=10000, sgeargs=None, jobprefix='PYANI', name='d3127244e1365b0bb2f0c724af82d417', classes=PosixPath('genome_clusters/d3127244e1365b0bb2f0c724af82d417/classes.txt'), labels=PosixPath('genome_clusters/d3127244e1365b0bb2f0c724af82d417/labels.txt'), recovery=False, indir=PosixPath('genome_clusters/d3127244e1365b0bb2f0c724af82d417'), outdir=PosixPath('genome_clusters/d3127244e1365b0bb2f0c724af82d417/output'), dbpath=PosixPath('.pyani/pyanidb'), nucmer_exe=PosixPath('nucmer'), filter_exe=PosixPath('delta-filter'), maxmatch=False, nofilter=False, func=<function subcmd_anim at 0x1185e9670>)
[INFO] [pyani.scripts.pyani_script]: command-line: /opt/anaconda3/envs/pyani_v3/bin/pyani anim -i=genome_clusters/d3127244e1365b0bb2f0c724af82d417 -o genome_clusters/d3127244e1365b0bb2f0c724af82d417/output -v -l genome_clusters/d3127244e1365b0bb2f0c724af82d417/output.log --name d3127244e1365b0bb2f0c724af82d417 --labels genome_clusters/d3127244e1365b0bb2f0c724af82d417/labels.txt --classes genome_clusters/d3127244e1365b0bb2f0c724af82d417/classes.txt
[INFO] [pyani.scripts.pyani_script]: pyani version: 0.3.0-alpha
[INFO] [pyani.scripts.pyani_script]: CITATION INFO
[INFO] [pyani.scripts.pyani_script]: If you use pyani in your work, please cite the following publication:
[INFO] [pyani.scripts.pyani_script]: 	Pritchard, L., Glover, R. H., Humphris, S., Elphinstone, J. G.,
[INFO] [pyani.scripts.pyani_script]: 	& Toth, I.K. (2016) 'Genomics and taxonomy in diagnostics for
[INFO] [pyani.scripts.pyani_script]: 	food security: soft-rotting enterobacterial plant pathogens.'
[INFO] [pyani.scripts.pyani_script]: 	Analytical Methods, 8(1), 12–24. http://doi.org/10.1039/C5AY02550H
[INFO] [pyani.scripts.pyani_script]: DEPENDENCIES
[INFO] [pyani.scripts.pyani_script]: The authors of pyani gratefully acknowledge its dependence on
[INFO] [pyani.scripts.pyani_script]: the following bioinformatics software:
[INFO] [pyani.scripts.pyani_script]: 	MUMmer3: S. Kurtz, A. Phillippy, A.L. Delcher, M. Smoot, M. Shumway,
[INFO] [pyani.scripts.pyani_script]: 	C. Antonescu, and S.L. Salzberg (2004), 'Versatile and open software
[INFO] [pyani.scripts.pyani_script]: 	for comparing large genomes' Genome Biology 5:R12
[INFO] [pyani.scripts.pyani_script]: 	BLAST+: Camacho C., Coulouris G., Avagyan V., Ma N., Papadopoulos J.,
[INFO] [pyani.scripts.pyani_script]: 	Bealer K., & Madden T.L. (2008) 'BLAST+: architecture and applications.'
[INFO] [pyani.scripts.pyani_script]: 	BMC Bioinformatics 10:421.
[INFO] [pyani.scripts.pyani_script]: 	BLAST: Altschul, S.F., Madden, T.L., Schäffer, A.A., Zhang, J.,
[INFO] [pyani.scripts.pyani_script]: 	Zhang, Z., Miller, W. & Lipman, D.J. (1997) 'Gapped BLAST and PSI-BLAST:
[INFO] [pyani.scripts.pyani_script]: 	a new generation of protein database search programs.' Nucleic Acids Res.
[INFO] [pyani.scripts.pyani_script]: 	25:3389-3402
[INFO] [pyani.scripts.pyani_script]: 	Biopython: Cock PA, Antao T, Chang JT, Chapman BA, Cox CJ, Dalke A,
[INFO] [pyani.scripts.pyani_script]: 	Friedberg I, Hamelryck T, Kauff F, Wilczynski B and de Hoon MJL
[INFO] [pyani.scripts.pyani_script]: 	(2009) Biopython: freely available Python tools for computational
[INFO] [pyani.scripts.pyani_script]: 	molecular biology and bioinformatics. Bioinformatics, 25, 1422-1423
[INFO] [pyani.scripts.subcommands.subcmd_anim]: Running ANIm analysis
[INFO] [pyani.scripts.subcommands.subcmd_anim]: MUMMer nucmer version: Darwin_3.1 (/opt/anaconda3/envs/pyani_v3/bin/nucmer)
[INFO] [pyani.scripts.subcommands.subcmd_anim]: Analysis name: d3127244e1365b0bb2f0c724af82d417
[INFO] [pyani.pyani_files]: Checking for hashfile: genome_clusters/d3127244e1365b0bb2f0c724af82d417/GCF_000718705.1_ASM71870v1_genomic.fna.md5.
[INFO] [pyani.pyani_files]: Checking for hashfile: genome_clusters/d3127244e1365b0bb2f0c724af82d417/GCF_000719625.1_ASM71962v1_genomic.fna.md5.
[INFO] [pyani.pyani_files]: Checking for hashfile: genome_clusters/d3127244e1365b0bb2f0c724af82d417/GCF_000720235.1_ASM72023v1_genomic.fna.md5.
[INFO] [pyani.pyani_files]: Checking for hashfile: genome_clusters/d3127244e1365b0bb2f0c724af82d417/GCF_000720455.1_ASM72045v1_genomic.fna.md5.
[INFO] [pyani.pyani_files]: Checking for hashfile: genome_clusters/d3127244e1365b0bb2f0c724af82d417/GCF_000966965.1_ASM96696v1_genomic.fna.md5.
[INFO] [pyani.pyani_files]: Checking for hashfile: genome_clusters/d3127244e1365b0bb2f0c724af82d417/GCF_001279445.1_ASM127944v1_genomic.fna.md5.
[INFO] [pyani.pyani_files]: Checking for hashfile: genome_clusters/d3127244e1365b0bb2f0c724af82d417/GCF_001279485.1_ASM127948v1_genomic.fna.md5.
[INFO] [pyani.pyani_files]: Checking for hashfile: genome_clusters/d3127244e1365b0bb2f0c724af82d417/GCF_001279495.1_ASM127949v1_genomic.fna.md5.
[INFO] [pyani.pyani_files]: Checking for hashfile: genome_clusters/d3127244e1365b0bb2f0c724af82d417/GCF_001279685.1_ASM127968v1_genomic.fna.md5.
[INFO] [pyani.pyani_files]: Checking for hashfile: genome_clusters/d3127244e1365b0bb2f0c724af82d417/GCF_001279765.1_ASM127976v1_genomic.fna.md5.
[INFO] [pyani.pyani_files]: Checking for hashfile: genome_clusters/d3127244e1365b0bb2f0c724af82d417/GCF_001279815.1_ASM127981v1_genomic.fna.md5.
[INFO] [pyani.pyani_files]: Checking for hashfile: genome_clusters/d3127244e1365b0bb2f0c724af82d417/GCF_001279845.1_ASM127984v1_genomic.fna.md5.
[INFO] [pyani.pyani_files]: Checking for hashfile: genome_clusters/d3127244e1365b0bb2f0c724af82d417/GCF_001279855.1_ASM127985v1_genomic.fna.md5.
[INFO] [pyani.pyani_files]: Checking for hashfile: genome_clusters/d3127244e1365b0bb2f0c724af82d417/GCF_001279885.1_ASM127988v1_genomic.fna.md5.
[INFO] [pyani.pyani_files]: Checking for hashfile: genome_clusters/d3127244e1365b0bb2f0c724af82d417/GCF_001279905.1_ASM127990v1_genomic.fna.md5.
[INFO] [pyani.pyani_files]: Checking for hashfile: genome_clusters/d3127244e1365b0bb2f0c724af82d417/GCF_001279925.1_ASM127992v1_genomic.fna.md5.
[INFO] [pyani.pyani_files]: Checking for hashfile: genome_clusters/d3127244e1365b0bb2f0c724af82d417/GCF_001279935.1_ASM127993v1_genomic.fna.md5.
[INFO] [pyani.pyani_files]: Checking for hashfile: genome_clusters/d3127244e1365b0bb2f0c724af82d417/GCF_001279965.1_ASM127996v1_genomic.fna.md5.
[INFO] [pyani.pyani_files]: Checking for hashfile: genome_clusters/d3127244e1365b0bb2f0c724af82d417/GCF_008086975.1_ASM808697v1_genomic.fna.md5.
[INFO] [pyani.pyani_files]: Checking for hashfile: genome_clusters/d3127244e1365b0bb2f0c724af82d417/GCF_014217585.1_ASM1421758v1_genomic.fna.md5.
[INFO] [pyani.pyani_files]: Checking for hashfile: genome_clusters/d3127244e1365b0bb2f0c724af82d417/GCF_014648795.1_ASM1464879v1_genomic.fna.md5.
[INFO] [pyani.pyani_files]: Checking for hashfile: genome_clusters/d3127244e1365b0bb2f0c724af82d417/GCF_016755835.1_ASM1675583v1_genomic.fna.md5.
[INFO] [pyani.pyani_files]: Checking for hashfile: genome_clusters/d3127244e1365b0bb2f0c724af82d417/GCF_017876235.1_ASM1787623v1_genomic.fna.md5.
[INFO] [pyani.scripts.subcommands.subcmd_anim]: Generating ANIm command-lines
[INFO] [pyani.scripts.subcommands.subcmd_anim]: Compiling genomes for comparison
[INFO] [pyani.scripts.subcommands.subcmd_anim]: Compiling pairwise comparisons (this can take time for large datasets)...
[INFO] [pyani.scripts.subcommands.subcmd_anim]: 	...total pairwise comparisons to be performed: 253
[INFO] [pyani.scripts.subcommands.subcmd_anim]: Checking database for existing comparison data...
[INFO] [pyani.scripts.subcommands.subcmd_anim]: 	...after check, still need to run 253 comparisons
[INFO] [pyani.scripts.subcommands.subcmd_anim]: Creating NUCmer jobs for ANIm
[INFO] [pyani.scripts.subcommands.subcmd_anim]: Results not found for 253 comparisons; 253 new jobs built.
[INFO] [pyani.scripts.subcommands.subcmd_anim]: Running jobs with multiprocessing
[INFO] [pyani.scripts.subcommands.subcmd_anim]: Multiprocessing run completed without error
[INFO] [pyani.scripts.subcommands.subcmd_anim]: ...jobs complete
[INFO] [pyani.scripts.subcommands.subcmd_anim]: Adding comparison results to database...
[INFO] [pyani.scripts.subcommands.subcmd_anim]: ...database updated.
[INFO] [pyani.scripts.pyani_script]: Completed. Time taken: 1499.640
