[INFO] [pyani.scripts.pyani_script]: Processed arguments: Namespace(version=False, citation=False, logfile=PosixPath('genome_clusters/9482322e7afe6dbb013b98f5d189ac4e/output.log'), verbose=True, debug=False, disable_tqdm=False, scheduler='multiprocessing', workers=None, sgegroupsize=10000, sgeargs=None, jobprefix='PYANI', name='9482322e7afe6dbb013b98f5d189ac4e', classes=PosixPath('genome_clusters/9482322e7afe6dbb013b98f5d189ac4e/classes.txt'), labels=PosixPath('genome_clusters/9482322e7afe6dbb013b98f5d189ac4e/labels.txt'), recovery=False, indir=PosixPath('genome_clusters/9482322e7afe6dbb013b98f5d189ac4e'), outdir=PosixPath('genome_clusters/9482322e7afe6dbb013b98f5d189ac4e/output'), dbpath=PosixPath('.pyani/pyanidb'), nucmer_exe=PosixPath('nucmer'), filter_exe=PosixPath('delta-filter'), maxmatch=False, nofilter=False, func=<function subcmd_anim at 0x119aaf670>)
[INFO] [pyani.scripts.pyani_script]: command-line: /opt/anaconda3/envs/pyani_v3/bin/pyani anim -i=genome_clusters/9482322e7afe6dbb013b98f5d189ac4e -o genome_clusters/9482322e7afe6dbb013b98f5d189ac4e/output -v -l genome_clusters/9482322e7afe6dbb013b98f5d189ac4e/output.log --name 9482322e7afe6dbb013b98f5d189ac4e --labels genome_clusters/9482322e7afe6dbb013b98f5d189ac4e/labels.txt --classes genome_clusters/9482322e7afe6dbb013b98f5d189ac4e/classes.txt
[INFO] [pyani.scripts.pyani_script]: pyani version: 0.3.0-alpha
[INFO] [pyani.scripts.pyani_script]: CITATION INFO
[INFO] [pyani.scripts.pyani_script]: If you use pyani in your work, please cite the following publication:
[INFO] [pyani.scripts.pyani_script]: 	Pritchard, L., Glover, R. H., Humphris, S., Elphinstone, J. G.,
[INFO] [pyani.scripts.pyani_script]: 	& Toth, I.K. (2016) 'Genomics and taxonomy in diagnostics for
[INFO] [pyani.scripts.pyani_script]: 	food security: soft-rotting enterobacterial plant pathogens.'
[INFO] [pyani.scripts.pyani_script]: 	Analytical Methods, 8(1), 12–24. http://doi.org/10.1039/C5AY02550H
[INFO] [pyani.scripts.pyani_script]: DEPENDENCIES
[INFO] [pyani.scripts.pyani_script]: The authors of pyani gratefully acknowledge its dependence on
[INFO] [pyani.scripts.pyani_script]: the following bioinformatics software:
[INFO] [pyani.scripts.pyani_script]: 	MUMmer3: S. Kurtz, A. Phillippy, A.L. Delcher, M. Smoot, M. Shumway,
[INFO] [pyani.scripts.pyani_script]: 	C. Antonescu, and S.L. Salzberg (2004), 'Versatile and open software
[INFO] [pyani.scripts.pyani_script]: 	for comparing large genomes' Genome Biology 5:R12
[INFO] [pyani.scripts.pyani_script]: 	BLAST+: Camacho C., Coulouris G., Avagyan V., Ma N., Papadopoulos J.,
[INFO] [pyani.scripts.pyani_script]: 	Bealer K., & Madden T.L. (2008) 'BLAST+: architecture and applications.'
[INFO] [pyani.scripts.pyani_script]: 	BMC Bioinformatics 10:421.
[INFO] [pyani.scripts.pyani_script]: 	BLAST: Altschul, S.F., Madden, T.L., Schäffer, A.A., Zhang, J.,
[INFO] [pyani.scripts.pyani_script]: 	Zhang, Z., Miller, W. & Lipman, D.J. (1997) 'Gapped BLAST and PSI-BLAST:
[INFO] [pyani.scripts.pyani_script]: 	a new generation of protein database search programs.' Nucleic Acids Res.
[INFO] [pyani.scripts.pyani_script]: 	25:3389-3402
[INFO] [pyani.scripts.pyani_script]: 	Biopython: Cock PA, Antao T, Chang JT, Chapman BA, Cox CJ, Dalke A,
[INFO] [pyani.scripts.pyani_script]: 	Friedberg I, Hamelryck T, Kauff F, Wilczynski B and de Hoon MJL
[INFO] [pyani.scripts.pyani_script]: 	(2009) Biopython: freely available Python tools for computational
[INFO] [pyani.scripts.pyani_script]: 	molecular biology and bioinformatics. Bioinformatics, 25, 1422-1423
[INFO] [pyani.scripts.subcommands.subcmd_anim]: Running ANIm analysis
[INFO] [pyani.scripts.subcommands.subcmd_anim]: MUMMer nucmer version: Darwin_3.1 (/opt/anaconda3/envs/pyani_v3/bin/nucmer)
[INFO] [pyani.scripts.subcommands.subcmd_anim]: Analysis name: 9482322e7afe6dbb013b98f5d189ac4e
[INFO] [pyani.pyani_files]: Checking for hashfile: genome_clusters/9482322e7afe6dbb013b98f5d189ac4e/GCF_000715745.1_ASM71574v1_genomic.fna.md5.
[INFO] [pyani.pyani_files]: Checking for hashfile: genome_clusters/9482322e7afe6dbb013b98f5d189ac4e/GCF_000717965.1_ASM71796v1_genomic.fna.md5.
[INFO] [pyani.pyani_files]: Checking for hashfile: genome_clusters/9482322e7afe6dbb013b98f5d189ac4e/GCF_000718915.1_ASM71891v1_genomic.fna.md5.
[INFO] [pyani.pyani_files]: Checking for hashfile: genome_clusters/9482322e7afe6dbb013b98f5d189ac4e/GCF_001270675.1_ASM127067v1_genomic.fna.md5.
[INFO] [pyani.pyani_files]: Checking for hashfile: genome_clusters/9482322e7afe6dbb013b98f5d189ac4e/GCF_002082175.1_ASM208217v1_genomic.fna.md5.
[INFO] [pyani.pyani_files]: Checking for hashfile: genome_clusters/9482322e7afe6dbb013b98f5d189ac4e/GCF_013401535.1_ASM1340153v1_genomic.fna.md5.
[INFO] [pyani.pyani_files]: Checking for hashfile: genome_clusters/9482322e7afe6dbb013b98f5d189ac4e/GCF_014748265.1_ASM1474826v1_genomic.fna.md5.
[INFO] [pyani.pyani_files]: Checking for hashfile: genome_clusters/9482322e7afe6dbb013b98f5d189ac4e/GCF_016521585.1_ASM1652158v1_genomic.fna.md5.
[INFO] [pyani.pyani_files]: Checking for hashfile: genome_clusters/9482322e7afe6dbb013b98f5d189ac4e/GCF_016624005.1_ASM1662400v1_genomic.fna.md5.
[INFO] [pyani.pyani_files]: Checking for hashfile: genome_clusters/9482322e7afe6dbb013b98f5d189ac4e/GCF_016906185.1_ASM1690618v1_genomic.fna.md5.
[INFO] [pyani.pyani_files]: Checking for hashfile: genome_clusters/9482322e7afe6dbb013b98f5d189ac4e/GCF_016906205.1_ASM1690620v1_genomic.fna.md5.
[INFO] [pyani.pyani_files]: Checking for hashfile: genome_clusters/9482322e7afe6dbb013b98f5d189ac4e/GCF_016906225.1_ASM1690622v1_genomic.fna.md5.
[INFO] [pyani.pyani_files]: Checking for hashfile: genome_clusters/9482322e7afe6dbb013b98f5d189ac4e/GCF_016906245.1_ASM1690624v1_genomic.fna.md5.
[INFO] [pyani.pyani_files]: Checking for hashfile: genome_clusters/9482322e7afe6dbb013b98f5d189ac4e/GCF_016906265.1_ASM1690626v1_genomic.fna.md5.
[INFO] [pyani.scripts.subcommands.subcmd_anim]: Generating ANIm command-lines
[INFO] [pyani.scripts.subcommands.subcmd_anim]: Compiling genomes for comparison
[INFO] [pyani.scripts.subcommands.subcmd_anim]: Compiling pairwise comparisons (this can take time for large datasets)...
[INFO] [pyani.scripts.subcommands.subcmd_anim]: 	...total pairwise comparisons to be performed: 91
[INFO] [pyani.scripts.subcommands.subcmd_anim]: Checking database for existing comparison data...
[INFO] [pyani.scripts.subcommands.subcmd_anim]: 	...after check, still need to run 90 comparisons
[INFO] [pyani.scripts.subcommands.subcmd_anim]: Creating NUCmer jobs for ANIm
[INFO] [pyani.scripts.subcommands.subcmd_anim]: Results not found for 90 comparisons; 90 new jobs built.
[INFO] [pyani.scripts.subcommands.subcmd_anim]: Running jobs with multiprocessing
[INFO] [pyani.scripts.subcommands.subcmd_anim]: Multiprocessing run completed without error
[INFO] [pyani.scripts.subcommands.subcmd_anim]: ...jobs complete
[INFO] [pyani.scripts.subcommands.subcmd_anim]: Adding comparison results to database...
[INFO] [pyani.scripts.subcommands.subcmd_anim]: ...database updated.
[INFO] [pyani.scripts.pyani_script]: Completed. Time taken: 498.240
